<?xml version="1.0" encoding="UTF-8"?>
<!-- Generated by org.testng.reporters.JUnitReportReporter -->
<testsuite hostname="LAPTOP-MTHDCTUI" failures="0" tests="1" name="com.newuser.com.newuser.AppTest" time="0.019" errors="0" timestamp="2024-02-29T15:12:02 IST" skipped="0">
  <testcase classname="com.newuser.com.newuser.AppTest" name="shouldAnswerWithTrue" time="0.019"/>
</testsuite> <!-- com.newuser.com.newuser.AppTest -->
